C:\USERS\WGAO1\DESKTOP\VC PROJECT\XML_CREATE_DIALOG\XML_CREATE_DIALOG\DEBUG\XML_CREATE_DIALOG.EXE
C:\USERS\WGAO1\DESKTOP\VC PROJECT\XML_CREATE_DIALOG\XML_CREATE_DIALOG\DEBUG\XML_CREATE_DIALOG.ILK
C:\USERS\WGAO1\DESKTOP\VC PROJECT\XML_CREATE_DIALOG\XML_CREATE_DIALOG\DEBUG\XML_CREATE_DIALOG.PDB
C:\Users\WGao1\Desktop\VC Project\XML_Create_Dialog\XML_Create_Dialog\XML_Create_Dialog\Debug\cl.command.1.tlog
C:\Users\WGao1\Desktop\VC Project\XML_Create_Dialog\XML_Create_Dialog\XML_Create_Dialog\Debug\CL.read.1.tlog
C:\Users\WGao1\Desktop\VC Project\XML_Create_Dialog\XML_Create_Dialog\XML_Create_Dialog\Debug\CL.write.1.tlog
C:\Users\WGao1\Desktop\VC Project\XML_Create_Dialog\XML_Create_Dialog\XML_Create_Dialog\Debug\link.command.1.tlog
C:\Users\WGao1\Desktop\VC Project\XML_Create_Dialog\XML_Create_Dialog\XML_Create_Dialog\Debug\link.read.1.tlog
C:\Users\WGao1\Desktop\VC Project\XML_Create_Dialog\XML_Create_Dialog\XML_Create_Dialog\Debug\link.write.1.tlog
C:\Users\WGao1\Desktop\VC Project\XML_Create_Dialog\XML_Create_Dialog\XML_Create_Dialog\Debug\link-cvtres.read.1.tlog
C:\Users\WGao1\Desktop\VC Project\XML_Create_Dialog\XML_Create_Dialog\XML_Create_Dialog\Debug\link-cvtres.write.1.tlog
C:\Users\WGao1\Desktop\VC Project\XML_Create_Dialog\XML_Create_Dialog\XML_Create_Dialog\Debug\msxml3.tlh
C:\Users\WGao1\Desktop\VC Project\XML_Create_Dialog\XML_Create_Dialog\XML_Create_Dialog\Debug\msxml3.tli
C:\Users\WGao1\Desktop\VC Project\XML_Create_Dialog\XML_Create_Dialog\XML_Create_Dialog\Debug\mt.command.1.tlog
C:\Users\WGao1\Desktop\VC Project\XML_Create_Dialog\XML_Create_Dialog\XML_Create_Dialog\Debug\mt.read.1.tlog
C:\Users\WGao1\Desktop\VC Project\XML_Create_Dialog\XML_Create_Dialog\XML_Create_Dialog\Debug\mt.write.1.tlog
C:\USERS\WGAO1\DESKTOP\VC PROJECT\XML_CREATE_DIALOG\XML_CREATE_DIALOG\XML_CREATE_DIALOG\DEBUG\PROGRESSBAR_XML.OBJ
C:\Users\WGao1\Desktop\VC Project\XML_Create_Dialog\XML_Create_Dialog\XML_Create_Dialog\Debug\rc.command.1.tlog
C:\Users\WGao1\Desktop\VC Project\XML_Create_Dialog\XML_Create_Dialog\XML_Create_Dialog\Debug\rc.read.1.tlog
C:\Users\WGao1\Desktop\VC Project\XML_Create_Dialog\XML_Create_Dialog\XML_Create_Dialog\Debug\rc.write.1.tlog
C:\USERS\WGAO1\DESKTOP\VC PROJECT\XML_CREATE_DIALOG\XML_CREATE_DIALOG\XML_CREATE_DIALOG\DEBUG\STDAFX.OBJ
C:\Users\WGao1\Desktop\VC Project\XML_Create_Dialog\XML_Create_Dialog\XML_Create_Dialog\Debug\vc100.idb
C:\USERS\WGAO1\DESKTOP\VC PROJECT\XML_CREATE_DIALOG\XML_CREATE_DIALOG\XML_CREATE_DIALOG\DEBUG\VC100.PDB
C:\USERS\WGAO1\DESKTOP\VC PROJECT\XML_CREATE_DIALOG\XML_CREATE_DIALOG\XML_CREATE_DIALOG\DEBUG\XML_CREATE_DIALOG.EXE.EMBED.MANIFEST
C:\USERS\WGAO1\DESKTOP\VC PROJECT\XML_CREATE_DIALOG\XML_CREATE_DIALOG\XML_CREATE_DIALOG\DEBUG\XML_CREATE_DIALOG.EXE.EMBED.MANIFEST.RES
C:\USERS\WGAO1\DESKTOP\VC PROJECT\XML_CREATE_DIALOG\XML_CREATE_DIALOG\XML_CREATE_DIALOG\DEBUG\XML_CREATE_DIALOG.EXE.INTERMEDIATE.MANIFEST
C:\USERS\WGAO1\DESKTOP\VC PROJECT\XML_CREATE_DIALOG\XML_CREATE_DIALOG\XML_CREATE_DIALOG\DEBUG\XML_CREATE_DIALOG.OBJ
C:\USERS\WGAO1\DESKTOP\VC PROJECT\XML_CREATE_DIALOG\XML_CREATE_DIALOG\XML_CREATE_DIALOG\DEBUG\XML_CREATE_DIALOG.PCH
C:\USERS\WGAO1\DESKTOP\VC PROJECT\XML_CREATE_DIALOG\XML_CREATE_DIALOG\XML_CREATE_DIALOG\DEBUG\XML_CREATE_DIALOG.RES
C:\Users\WGao1\Desktop\VC Project\XML_Create_Dialog\XML_Create_Dialog\XML_Create_Dialog\Debug\XML_Create_Dialog_manifest.rc
C:\USERS\WGAO1\DESKTOP\VC PROJECT\XML_CREATE_DIALOG\XML_CREATE_DIALOG\XML_CREATE_DIALOG\DEBUG\XML_CREATE_DIALOGDLG.OBJ
