C:\USERS\WGAO1\DESKTOP\VC PROJECT\XML_CREATE_DIALOG\XML_CREATE_DIALOG\RELEASE\XML_CREATE_DIALOG.EXE
C:\USERS\WGAO1\DESKTOP\VC PROJECT\XML_CREATE_DIALOG\XML_CREATE_DIALOG\RELEASE\XML_CREATE_DIALOG.PDB
C:\Users\WGao1\Desktop\VC Project\XML_Create_Dialog\XML_Create_Dialog\XML_Create_Dialog\Release\cl.command.1.tlog
C:\Users\WGao1\Desktop\VC Project\XML_Create_Dialog\XML_Create_Dialog\XML_Create_Dialog\Release\CL.read.1.tlog
C:\Users\WGao1\Desktop\VC Project\XML_Create_Dialog\XML_Create_Dialog\XML_Create_Dialog\Release\CL.write.1.tlog
C:\Users\WGao1\Desktop\VC Project\XML_Create_Dialog\XML_Create_Dialog\XML_Create_Dialog\Release\link.command.1.tlog
C:\Users\WGao1\Desktop\VC Project\XML_Create_Dialog\XML_Create_Dialog\XML_Create_Dialog\Release\link.read.1.tlog
C:\Users\WGao1\Desktop\VC Project\XML_Create_Dialog\XML_Create_Dialog\XML_Create_Dialog\Release\link.write.1.tlog
C:\Users\WGao1\Desktop\VC Project\XML_Create_Dialog\XML_Create_Dialog\XML_Create_Dialog\Release\link-cvtres.read.1.tlog
C:\Users\WGao1\Desktop\VC Project\XML_Create_Dialog\XML_Create_Dialog\XML_Create_Dialog\Release\link-cvtres.write.1.tlog
C:\Users\WGao1\Desktop\VC Project\XML_Create_Dialog\XML_Create_Dialog\XML_Create_Dialog\Release\msxml3.tlh
C:\Users\WGao1\Desktop\VC Project\XML_Create_Dialog\XML_Create_Dialog\XML_Create_Dialog\Release\msxml3.tli
C:\Users\WGao1\Desktop\VC Project\XML_Create_Dialog\XML_Create_Dialog\XML_Create_Dialog\Release\mt.command.1.tlog
C:\Users\WGao1\Desktop\VC Project\XML_Create_Dialog\XML_Create_Dialog\XML_Create_Dialog\Release\mt.read.1.tlog
C:\Users\WGao1\Desktop\VC Project\XML_Create_Dialog\XML_Create_Dialog\XML_Create_Dialog\Release\mt.write.1.tlog
C:\USERS\WGAO1\DESKTOP\VC PROJECT\XML_CREATE_DIALOG\XML_CREATE_DIALOG\XML_CREATE_DIALOG\RELEASE\PARAMETERSELECTION.OBJ
C:\USERS\WGAO1\DESKTOP\VC PROJECT\XML_CREATE_DIALOG\XML_CREATE_DIALOG\XML_CREATE_DIALOG\RELEASE\PROGRESSBAR_XML.OBJ
C:\Users\WGao1\Desktop\VC Project\XML_Create_Dialog\XML_Create_Dialog\XML_Create_Dialog\Release\rc.command.1.tlog
C:\Users\WGao1\Desktop\VC Project\XML_Create_Dialog\XML_Create_Dialog\XML_Create_Dialog\Release\rc.read.1.tlog
C:\Users\WGao1\Desktop\VC Project\XML_Create_Dialog\XML_Create_Dialog\XML_Create_Dialog\Release\rc.write.1.tlog
C:\USERS\WGAO1\DESKTOP\VC PROJECT\XML_CREATE_DIALOG\XML_CREATE_DIALOG\XML_CREATE_DIALOG\RELEASE\STDAFX.OBJ
C:\USERS\WGAO1\DESKTOP\VC PROJECT\XML_CREATE_DIALOG\XML_CREATE_DIALOG\XML_CREATE_DIALOG\RELEASE\VC100.PDB
C:\USERS\WGAO1\DESKTOP\VC PROJECT\XML_CREATE_DIALOG\XML_CREATE_DIALOG\XML_CREATE_DIALOG\RELEASE\XML_CREATE_DIALOG.EXE.INTERMEDIATE.MANIFEST
C:\USERS\WGAO1\DESKTOP\VC PROJECT\XML_CREATE_DIALOG\XML_CREATE_DIALOG\XML_CREATE_DIALOG\RELEASE\XML_CREATE_DIALOG.OBJ
C:\USERS\WGAO1\DESKTOP\VC PROJECT\XML_CREATE_DIALOG\XML_CREATE_DIALOG\XML_CREATE_DIALOG\RELEASE\XML_CREATE_DIALOG.PCH
C:\USERS\WGAO1\DESKTOP\VC PROJECT\XML_CREATE_DIALOG\XML_CREATE_DIALOG\XML_CREATE_DIALOG\RELEASE\XML_CREATE_DIALOG.RES
C:\USERS\WGAO1\DESKTOP\VC PROJECT\XML_CREATE_DIALOG\XML_CREATE_DIALOG\XML_CREATE_DIALOG\RELEASE\XML_CREATE_DIALOGDLG.OBJ
C:\USERS\WGAO1\DESKTOP\VC PROJECT\XML_CREATE_DIALOG\XML_CREATE_DIALOG\XML_CREATE_DIALOG\RELEASE\XML_HELP.OBJ
