生成启动时间为 2/28/2021 10:26:26 AM。
项目“C:\Users\WGao1\Desktop\VC Project\XML_Create_Dialog\XML_Create_Dialog\XML_Create_Dialog\XML_Create_Dialog.vcxproj”在节点 2 上(build 个目标)。
InitializeBuildStatus:
  正在创建“Release\XML_Create_Dialog.unsuccessfulbuild”，因为已指定“AlwaysCreate”。
ClCompile:
  所有输出均为最新。
  C:\Program Files (x86)\Microsoft Visual Studio 10.0\VC\bin\CL.exe /c /Zi /nologo /W3 /WX- /O2 /Oi /Oy- /GL /D WIN32 /D _WINDOWS /D NDEBUG /D _UNICODE /D UNICODE /D _AFXDLL /Gm- /EHsc /MD /GS /Gy /fp:precise /Zc:wchar_t /Zc:forScope /Yu"StdAfx.h" /Fp"Release\XML_Create_Dialog.pch" /Fo"Release\\" /Fd"Release\vc100.pdb" /Gd /TP /analyze- /errorReport:prompt ParameterSelection.cpp ProgressBar_XML.cpp XML_Create_Dialog.cpp XML_Create_DialogDlg.cpp XML_Help.cpp
  ParameterSelection.cpp
  ProgressBar_XML.cpp
ProgressBar_XML.cpp(274): warning C4996: 'strcpy': This function or variable may be unsafe. Consider using strcpy_s instead. To disable deprecation, use _CRT_SECURE_NO_WARNINGS. See online help for details.
          C:\Program Files (x86)\Microsoft Visual Studio 10.0\VC\include\string.h(105) : 参见“strcpy”的声明
ProgressBar_XML.cpp(275): warning C4996: 'strcat': This function or variable may be unsafe. Consider using strcat_s instead. To disable deprecation, use _CRT_SECURE_NO_WARNINGS. See online help for details.
          C:\Program Files (x86)\Microsoft Visual Studio 10.0\VC\include\string.h(110) : 参见“strcat”的声明
ProgressBar_XML.cpp(276): warning C4996: 'strcat': This function or variable may be unsafe. Consider using strcat_s instead. To disable deprecation, use _CRT_SECURE_NO_WARNINGS. See online help for details.
          C:\Program Files (x86)\Microsoft Visual Studio 10.0\VC\include\string.h(110) : 参见“strcat”的声明
ProgressBar_XML.cpp(277): warning C4996: 'strcat': This function or variable may be unsafe. Consider using strcat_s instead. To disable deprecation, use _CRT_SECURE_NO_WARNINGS. See online help for details.
          C:\Program Files (x86)\Microsoft Visual Studio 10.0\VC\include\string.h(110) : 参见“strcat”的声明
ProgressBar_XML.cpp(327): warning C4996: 'strcpy': This function or variable may be unsafe. Consider using strcpy_s instead. To disable deprecation, use _CRT_SECURE_NO_WARNINGS. See online help for details.
          C:\Program Files (x86)\Microsoft Visual Studio 10.0\VC\include\string.h(105) : 参见“strcpy”的声明
ProgressBar_XML.cpp(328): warning C4996: 'strcat': This function or variable may be unsafe. Consider using strcat_s instead. To disable deprecation, use _CRT_SECURE_NO_WARNINGS. See online help for details.
          C:\Program Files (x86)\Microsoft Visual Studio 10.0\VC\include\string.h(110) : 参见“strcat”的声明
ProgressBar_XML.cpp(329): warning C4996: 'strcat': This function or variable may be unsafe. Consider using strcat_s instead. To disable deprecation, use _CRT_SECURE_NO_WARNINGS. See online help for details.
          C:\Program Files (x86)\Microsoft Visual Studio 10.0\VC\include\string.h(110) : 参见“strcat”的声明
ProgressBar_XML.cpp(330): warning C4996: 'strcat': This function or variable may be unsafe. Consider using strcat_s instead. To disable deprecation, use _CRT_SECURE_NO_WARNINGS. See online help for details.
          C:\Program Files (x86)\Microsoft Visual Studio 10.0\VC\include\string.h(110) : 参见“strcat”的声明
  XML_Create_Dialog.cpp
  XML_Create_DialogDlg.cpp
XML_Create_DialogDlg.cpp(246): warning C4996: 'strcat': This function or variable may be unsafe. Consider using strcat_s instead. To disable deprecation, use _CRT_SECURE_NO_WARNINGS. See online help for details.
          C:\Program Files (x86)\Microsoft Visual Studio 10.0\VC\include\string.h(110) : 参见“strcat”的声明
  XML_Help.cpp
ResourceCompile:
  C:\Program Files (x86)\Microsoft SDKs\Windows\v7.0A\bin\rc.exe /D NDEBUG /D _UNICODE /D UNICODE /D _AFXDLL /l"0x0409" /IRelease\ /nologo /fo"Release\XML_Create_Dialog.res" XML_Create_Dialog.rc 
Link:
  C:\Program Files (x86)\Microsoft Visual Studio 10.0\VC\bin\link.exe /ERRORREPORT:PROMPT /OUT:"C:\Users\WGao1\Desktop\VC Project\XML_Create_Dialog\XML_Create_Dialog\Release\XML_Create_Dialog.exe" /INCREMENTAL:NO /NOLOGO /MANIFEST /ManifestFile:"Release\XML_Create_Dialog.exe.intermediate.manifest" /MANIFESTUAC:"level='asInvoker' uiAccess='false'" /DEBUG /PDB:"C:\Users\WGao1\Desktop\VC Project\XML_Create_Dialog\XML_Create_Dialog\Release\XML_Create_Dialog.pdb" /SUBSYSTEM:WINDOWS /OPT:REF /OPT:ICF /LTCG /TLBID:1 /ENTRY:"wWinMainCRTStartup" /DYNAMICBASE /NXCOMPAT /IMPLIB:"C:\Users\WGao1\Desktop\VC Project\XML_Create_Dialog\XML_Create_Dialog\Release\XML_Create_Dialog.lib" /MACHINE:X86 Release\XML_Create_Dialog.res
  Release\ParameterSelection.obj
  Release\ProgressBar_XML.obj
  Release\stdafx.obj
  Release\XML_Create_Dialog.obj
  Release\XML_Create_DialogDlg.obj
  Release\XML_Help.obj
  正在生成代码
  已完成代码的生成
  XML_Create_Dialog.vcxproj -> C:\Users\WGao1\Desktop\VC Project\XML_Create_Dialog\XML_Create_Dialog\Release\XML_Create_Dialog.exe
Manifest:
  C:\Program Files (x86)\Microsoft SDKs\Windows\v7.0A\bin\mt.exe /nologo /verbose /outputresource:"C:\Users\WGao1\Desktop\VC Project\XML_Create_Dialog\XML_Create_Dialog\Release\XML_Create_Dialog.exe;#1" /manifest Release\XML_Create_Dialog.exe.intermediate.manifest "C:\Program Files (x86)\Microsoft Visual Studio 10.0\VC\Include\Manifest\dpiaware.manifest"
FinalizeBuildStatus:
  正在删除文件“Release\XML_Create_Dialog.unsuccessfulbuild”。
  正在对“Release\XML_Create_Dialog.lastbuildstate”执行 Touch 任务。
已完成生成项目“C:\Users\WGao1\Desktop\VC Project\XML_Create_Dialog\XML_Create_Dialog\XML_Create_Dialog\XML_Create_Dialog.vcxproj”(build 个目标)的操作。

生成成功。

已用时间 00:00:11.16
